<?xml version="1.0" encoding="UTF-8"?>
<!-- Generated by org.testng.reporters.JUnitReportReporter -->
<testsuite skipped="0" hostname="SAI-PC" name="com.loginpage.NewTest" tests="2" failures="0" timestamp="2020-09-30T09:51:22 IST" time="48.840" errors="0">
  <testcase name="loginapplication" time="22.845" classname="com.loginpage.NewTest"/>
  <system-out/>
  <testcase name="login" time="25.995" classname="com.loginpage.NewTest"/>
  <system-out/>
</testsuite> <!-- com.loginpage.NewTest -->
