<?xml version="1.0" encoding="UTF-8"?>
<!-- Generated by org.testng.reporters.JUnitReportReporter -->
<testsuite skipped="0" hostname="SAI-PC" name="com.loginpage.Homepage" tests="1" failures="0" timestamp="2020-09-28T14:37:24 IST" time="108.353" errors="0">
  <testcase name="Enterfields" time="108.353" classname="com.loginpage.Homepage"/>
  <system-out/>
</testsuite> <!-- com.loginpage.Homepage -->
