<?xml version="1.0" encoding="UTF-8"?>
<!-- Generated by org.testng.reporters.JUnitReportReporter -->
<testsuite skipped="0" hostname="SAI-PC" name="com.loginpage.NewTest1" tests="1" failures="0" timestamp="2020-09-29T17:06:02 IST" time="26.076" errors="0">
  <testcase name="login" time="26.076" classname="com.loginpage.NewTest1"/>
  <system-out/>
</testsuite> <!-- com.loginpage.NewTest1 -->
