<?xml version="1.0" encoding="UTF-8"?>
<!-- Generated by org.testng.reporters.JUnitReportReporter -->
<testsuite skipped="0" hostname="SAI-PC" name="com.loginpage.Loginpage" tests="1" failures="0" timestamp="2020-09-30T09:51:22 IST" time="28.458" errors="0">
  <testcase name="loginapp" time="28.458" classname="com.loginpage.Loginpage"/>
  <system-out/>
</testsuite> <!-- com.loginpage.Loginpage -->
