<?xml version="1.0" encoding="UTF-8"?>
<!-- Generated by org.testng.reporters.JUnitReportReporter -->
<testsuite skipped="0" hostname="SAI-PC" name="com.loginpage.NewTest" tests="2" failures="0" timestamp="2020-09-30T20:23:25 IST" time="93.708" errors="0">
  <testcase name="log" time="64.162" classname="com.loginpage.NewTest"/>
  <testcase name="login" time="29.546" classname="com.loginpage.NewTest"/>
</testsuite> <!-- com.loginpage.NewTest -->
